2022-09-10 15:56:37,407 INFO [main] a.CarStore [CarStore.java:102] object with ID:BR953 has been removed from the list
2022-09-10 15:56:37,416 INFO [main] a.CarStore [CarStore.java:53] field 'brand' of object with ID:AD328 has been changed
2022-09-10 15:56:37,417 INFO [main] a.CarStore [CarStore.java:60] field 'model' of object with ID:AD328 has been changed
2022-09-10 15:56:37,419 INFO [main] a.CarStore [CarStore.java:67] field 'color' of object with ID:AD328 has been changed
2022-09-10 15:56:37,420 INFO [main] a.CarStore [CarStore.java:74] field 'equipment' of object with ID:AD328 has been changed
2022-09-10 15:56:37,422 INFO [main] a.CarStore [CarStore.java:81] field 'price' of object with ID:AD328 has been changed
2022-09-10 15:56:37,426 INFO [main] a.CarStore [CarStore.java:94] all fields of object with ID:GX721 has been changed
2022-09-13 14:28:21,798 INFO [main] a.CarStore [CarStore.java:102] object with ID:BR953 has been removed from the list
2022-09-13 14:28:21,805 INFO [main] a.CarStore [CarStore.java:53] field 'brand' of object with ID:AD328 has been changed
2022-09-13 14:28:21,806 INFO [main] a.CarStore [CarStore.java:60] field 'model' of object with ID:AD328 has been changed
2022-09-13 14:28:21,807 INFO [main] a.CarStore [CarStore.java:67] field 'color' of object with ID:AD328 has been changed
2022-09-13 14:28:21,808 INFO [main] a.CarStore [CarStore.java:74] field 'equipment' of object with ID:AD328 has been changed
2022-09-13 14:28:21,810 INFO [main] a.CarStore [CarStore.java:81] field 'price' of object with ID:AD328 has been changed
2022-09-13 14:28:21,814 INFO [main] a.CarStore [CarStore.java:94] all fields of object with ID:GX721 has been changed
2022-09-13 14:41:09,287 INFO [main] a.CarStore [CarStore.java:102] object with ID:BR953 has been removed from the list
2022-09-13 14:41:09,292 INFO [main] a.CarStore [CarStore.java:53] field 'brand' of object with ID:AD328 has been changed
2022-09-13 14:41:09,293 INFO [main] a.CarStore [CarStore.java:60] field 'model' of object with ID:AD328 has been changed
2022-09-13 14:41:09,293 INFO [main] a.CarStore [CarStore.java:67] field 'color' of object with ID:AD328 has been changed
2022-09-13 14:41:09,294 INFO [main] a.CarStore [CarStore.java:74] field 'equipment' of object with ID:AD328 has been changed
2022-09-13 14:41:09,296 INFO [main] a.CarStore [CarStore.java:81] field 'price' of object with ID:AD328 has been changed
2022-09-13 14:41:09,299 INFO [main] a.CarStore [CarStore.java:94] all fields of object with ID:GX721 has been changed
2022-09-13 14:48:04,273 INFO [main] a.CarStore [CarStore.java:102] object with ID:BR953 has been removed from the list
2022-09-13 14:48:04,279 INFO [main] a.CarStore [CarStore.java:53] field 'brand' of object with ID:AD328 has been changed
2022-09-13 14:48:04,280 INFO [main] a.CarStore [CarStore.java:60] field 'model' of object with ID:AD328 has been changed
2022-09-13 14:48:04,281 INFO [main] a.CarStore [CarStore.java:67] field 'color' of object with ID:AD328 has been changed
2022-09-13 14:48:04,282 INFO [main] a.CarStore [CarStore.java:74] field 'equipment' of object with ID:AD328 has been changed
2022-09-13 14:48:04,284 INFO [main] a.CarStore [CarStore.java:81] field 'price' of object with ID:AD328 has been changed
2022-09-13 14:48:04,286 INFO [main] a.CarStore [CarStore.java:94] all fields of object with ID:GX721 has been changed
2022-09-13 14:49:41,317 INFO [main] a.CarStore [CarStore.java:102] object with ID:BR953 has been removed from the list
2022-09-13 14:49:41,324 INFO [main] a.CarStore [CarStore.java:53] field 'brand' of object with ID:AD328 has been changed
2022-09-13 14:49:41,326 INFO [main] a.CarStore [CarStore.java:60] field 'model' of object with ID:AD328 has been changed
2022-09-13 14:49:41,328 INFO [main] a.CarStore [CarStore.java:67] field 'color' of object with ID:AD328 has been changed
2022-09-13 14:49:41,329 INFO [main] a.CarStore [CarStore.java:74] field 'equipment' of object with ID:AD328 has been changed
2022-09-13 14:49:41,332 INFO [main] a.CarStore [CarStore.java:81] field 'price' of object with ID:AD328 has been changed
2022-09-13 14:49:41,335 INFO [main] a.CarStore [CarStore.java:94] all fields of object with ID:GX721 has been changed
2022-09-13 14:49:54,340 INFO [main] a.CarStore [CarStore.java:102] object with ID:BR953 has been removed from the list
2022-09-13 14:49:54,349 INFO [main] a.CarStore [CarStore.java:53] field 'brand' of object with ID:AD328 has been changed
2022-09-13 14:49:54,350 INFO [main] a.CarStore [CarStore.java:60] field 'model' of object with ID:AD328 has been changed
2022-09-13 14:49:54,351 INFO [main] a.CarStore [CarStore.java:67] field 'color' of object with ID:AD328 has been changed
2022-09-13 14:49:54,352 INFO [main] a.CarStore [CarStore.java:74] field 'equipment' of object with ID:AD328 has been changed
2022-09-13 14:49:54,354 INFO [main] a.CarStore [CarStore.java:81] field 'price' of object with ID:AD328 has been changed
2022-09-13 14:49:54,356 INFO [main] a.CarStore [CarStore.java:94] all fields of object with ID:GX721 has been changed
2022-09-13 15:06:56,911 INFO [main] a.CarStore [CarStore.java:102] object with ID:BR953 has been removed from the list
2022-09-13 15:06:56,918 INFO [main] a.CarStore [CarStore.java:53] field 'brand' of object with ID:AD328 has been changed
2022-09-13 15:06:56,920 INFO [main] a.CarStore [CarStore.java:60] field 'model' of object with ID:AD328 has been changed
2022-09-13 15:06:56,921 INFO [main] a.CarStore [CarStore.java:67] field 'color' of object with ID:AD328 has been changed
2022-09-13 15:06:56,922 INFO [main] a.CarStore [CarStore.java:74] field 'equipment' of object with ID:AD328 has been changed
2022-09-13 15:06:56,925 INFO [main] a.CarStore [CarStore.java:81] field 'price' of object with ID:AD328 has been changed
2022-09-13 15:06:56,928 INFO [main] a.CarStore [CarStore.java:94] all fields of object with ID:GX721 has been changed
2022-09-13 15:07:02,131 INFO [main] a.CarStore [CarStore.java:102] object with ID:BR953 has been removed from the list
2022-09-13 15:07:02,139 INFO [main] a.CarStore [CarStore.java:53] field 'brand' of object with ID:AD328 has been changed
2022-09-13 15:07:02,144 INFO [main] a.CarStore [CarStore.java:60] field 'model' of object with ID:AD328 has been changed
2022-09-13 15:07:02,147 INFO [main] a.CarStore [CarStore.java:67] field 'color' of object with ID:AD328 has been changed
2022-09-13 15:07:02,149 INFO [main] a.CarStore [CarStore.java:74] field 'equipment' of object with ID:AD328 has been changed
2022-09-13 15:07:02,152 INFO [main] a.CarStore [CarStore.java:81] field 'price' of object with ID:AD328 has been changed
2022-09-13 15:07:02,158 INFO [main] a.CarStore [CarStore.java:94] all fields of object with ID:GX721 has been changed
2022-09-13 15:07:09,452 INFO [main] a.CarStore [CarStore.java:102] object with ID:BR953 has been removed from the list
2022-09-13 15:07:09,460 INFO [main] a.CarStore [CarStore.java:53] field 'brand' of object with ID:AD328 has been changed
2022-09-13 15:07:09,462 INFO [main] a.CarStore [CarStore.java:60] field 'model' of object with ID:AD328 has been changed
2022-09-13 15:07:09,464 INFO [main] a.CarStore [CarStore.java:67] field 'color' of object with ID:AD328 has been changed
2022-09-13 15:07:09,466 INFO [main] a.CarStore [CarStore.java:74] field 'equipment' of object with ID:AD328 has been changed
2022-09-13 15:07:09,469 INFO [main] a.CarStore [CarStore.java:81] field 'price' of object with ID:AD328 has been changed
2022-09-13 15:07:09,473 INFO [main] a.CarStore [CarStore.java:94] all fields of object with ID:GX721 has been changed
